
> nextjs@0.1.0 build
> next build

Attention: Next.js now collects completely anonymous telemetry regarding usage.
This information is used to shape Next.js' roadmap and prioritize features.
You can learn more, including how to opt-out if you'd not like to participate in this anonymous program, by visiting the following URL:
https://nextjs.org/telemetry

   Creating an optimized production build...
 ⚠ Compiled with warnings

./node_modules/@supabase/realtime-js/dist/main/RealtimeClient.js
Critical dependency: the request of a dependency is an expression

Import trace for requested module:
./node_modules/@supabase/realtime-js/dist/main/RealtimeClient.js
./node_modules/@supabase/realtime-js/dist/main/index.js
./node_modules/@supabase/supabase-js/dist/main/index.js
./lib/supabase/browser-client.ts
./app/(authenticated)/production/page.tsx

./node_modules/@supabase/realtime-js/dist/main/RealtimeClient.js
Critical dependency: the request of a dependency is an expression

Import trace for requested module:
./node_modules/@supabase/realtime-js/dist/main/RealtimeClient.js
./node_modules/@supabase/realtime-js/dist/main/index.js
./node_modules/@supabase/supabase-js/dist/main/index.js
./app/api/supplier-products/search/route.ts

   Skipping linting
   Checking validity of types...
   Collecting page data...
   Generating static pages (0/56)...
✅ Supabase browser client initialising: { url: 'https://dfcezkyaejrxmbwunhry.supabase.co', hasAnonKey: true }
✅ Supabase browser client initialising: { url: 'https://dfcezkyaejrxmbwunhry.supabase.co', hasAnonKey: true }
✅ Supabase browser client initialising: { url: 'https://dfcezkyaejrxmbwunhry.supabase.co', hasAnonKey: true }
⏳ AppLayout: Loading... { authLoading: true, isOrganizationLoading: true }
⏳ AppLayout: Loading... { authLoading: true, isOrganizationLoading: true }
⏳ AppLayout: Loading... { authLoading: true, isOrganizationLoading: true }
⏳ AppLayout: Loading... { authLoading: true, isOrganizationLoading: true }
⏳ AppLayout: Loading... { authLoading: true, isOrganizationLoading: true }
⏳ AppLayout: Loading... { authLoading: true, isOrganizationLoading: true }
⏳ AppLayout: Loading... { authLoading: true, isOrganizationLoading: true }
⏳ AppLayout: Loading... { authLoading: true, isOrganizationLoading: true }
⏳ AppLayout: Loading... { authLoading: true, isOrganizationLoading: true }
⏳ AppLayout: Loading... { authLoading: true, isOrganizationLoading: true }
⏳ AppLayout: Loading... { authLoading: true, isOrganizationLoading: true }
   Generating static pages (14/56)

⏳ AppLayout: Loading... { authLoading: true, isOrganizationLoading: true }
⏳ AppLayout: Loading... { authLoading: true, isOrganizationLoading: true }
⏳ AppLayout: Loading... { authLoading: true, isOrganizationLoading: true }
⏳ AppLayout: Loading... { authLoading: true, isOrganizationLoading: true }
⏳ AppLayout: Loading... { authLoading: true, isOrganizationLoading: true }
⏳ AppLayout: Loading... { authLoading: true, isOrganizationLoading: true }
⏳ AppLayout: Loading... { authLoading: true, isOrganizationLoading: true }
⏳ AppLayout: Loading... { authLoading: true, isOrganizationLoading: true }
⏳ AppLayout: Loading... { authLoading: true, isOrganizationLoading: true }
⏳ AppLayout: Loading... { authLoading: true, isOrganizationLoading: true }
⏳ AppLayout: Loading... { authLoading: true, isOrganizationLoading: true }
⏳ AppLayout: Loading... { authLoading: true, isOrganizationLoading: true }
⏳ AppLayout: Loading... { authLoading: true, isOrganizationLoading: true }
⏳ AppLayout: Loading... { authLoading: true, isOrganizationLoading: true }
   Generating static pages (28/56)

⏳ AppLayout: Loading... { authLoading: true, isOrganizationLoading: true }
⏳ AppLayout: Loading... { authLoading: true, isOrganizationLoading: true }
⏳ AppLayout: Loading... { authLoading: true, isOrganizationLoading: true }
⏳ AppLayout: Loading... { authLoading: true, isOrganizationLoading: true }
⏳ AppLayout: Loading... { authLoading: true, isOrganizationLoading: true }
⏳ AppLayout: Loading... { authLoading: true, isOrganizationLoading: true }
⏳ AppLayout: Loading... { authLoading: true, isOrganizationLoading: true }
⏳ AppLayout: Loading... { authLoading: true, isOrganizationLoading: true }
⏳ AppLayout: Loading... { authLoading: true, isOrganizationLoading: true }
⏳ AppLayout: Loading... { authLoading: true, isOrganizationLoading: true }
⏳ AppLayout: Loading... { authLoading: true, isOrganizationLoading: true }
⏳ AppLayout: Loading... { authLoading: true, isOrganizationLoading: true }
   Generating static pages (42/56)

⏳ AppLayout: Loading... { authLoading: true, isOrganizationLoading: true }
⏳ AppLayout: Loading... { authLoading: true, isOrganizationLoading: true }
⏳ AppLayout: Loading... { authLoading: true, isOrganizationLoading: true }
⏳ AppLayout: Loading... { authLoading: true, isOrganizationLoading: true }
⏳ AppLayout: Loading... { authLoading: true, isOrganizationLoading: true }
⏳ AppLayout: Loading... { authLoading: true, isOrganizationLoading: true }
 ⚠ Entire page /supplier-onboarding deopted into client-side rendering. https://nextjs.org/docs/messages/deopted-into-client-rendering /supplier-onboarding
⏳ AppLayout: Loading... { authLoading: true, isOrganizationLoading: true }
 ✓ Generating static pages (56/56)
   Finalizing page optimization...

Route (app)                                  Size     First Load JS
┌ ○ /                                        191 B          86.9 kB
├ ○ /_not-found                              891 B          80.8 kB
├ ○ /admin/supplier-verification             9.15 kB         152 kB
├ λ /api/ingredients/search                  0 B                0 B
├ λ /api/places/autocomplete                 0 B                0 B
├ λ /api/places/details                      0 B                0 B
├ λ /api/supplier-products/search            0 B                0 B
├ ○ /company/facilities                      2.14 kB         192 kB
├ λ /company/facilities/[id]                 13.1 kB         182 kB
├ ○ /company/fleet                           4.76 kB        98.9 kB
├ ○ /company/overview                        10.7 kB         153 kB
├ ○ /create-organization                     6.15 kB         136 kB
├ ○ /dashboard                               20 kB           184 kB
├ ○ /dashboard/data-hub/scope-1              3.24 kB        97.4 kB
├ ○ /dashboard/data-hub/scope-2              3.36 kB        97.5 kB
├ ○ /dashboard/data-hub/scope-3              4.06 kB        98.2 kB
├ ○ /dashboard/products                      3.42 kB         180 kB
├ ● /dashboard/products/[id]/edit            616 B           167 kB
├ ○ /dashboard/products/create               7.83 kB         169 kB
├ ○ /dashboard/reports/product-lca           10.9 kB         164 kB
├ ○ /dashboard/settings/profile              5.75 kB         135 kB
├ ○ /dashboard/settings/team                 12.3 kB         169 kB
├ ○ /data/ingest                             3.88 kB         185 kB
├ ○ /data/quality                            12.8 kB         153 kB
├ ○ /data/scope-1-2                          7.19 kB         232 kB
├ ○ /data/waste-and-circularity              7.35 kB         189 kB
├ ○ /data/water-footprint                    8.94 kB         197 kB
├ ○ /dev/calculation-verifier                15.4 kB         148 kB
├ ○ /dev/docs/fleet-implementation           4.09 kB        91.4 kB
├ ○ /dev/docs/iso-14044-compliance           12.7 kB         100 kB
├ ○ /dev/docs/iso-compliance-tests           7.67 kB          95 kB
├ ○ /dev/docs/lca-calculation-testing        5.47 kB        92.8 kB
├ ○ /dev/docs/lca-testing-summary            6.13 kB        93.5 kB
├ ○ /dev/docs/reporting-standards            12.8 kB         104 kB
├ ○ /dev/docs/ui-documentation               4.69 kB          92 kB
├ ○ /dev/docs/verification-tests             3.92 kB        91.3 kB
├ ○ /dev/test-harness                        3.31 kB         133 kB
├ ○ /knowledge-bank                          6.7 kB          183 kB
├ λ /knowledge-bank/categories/[categoryId]  3.89 kB         153 kB
├ λ /knowledge-bank/items/[itemId]           4.59 kB         154 kB
├ ○ /knowledge-bank/new                      3.87 kB         176 kB
├ ○ /login                                   162 B           142 kB
├ ○ /operations                              1.79 kB         192 kB
├ ○ /password-reset                          3.6 kB          140 kB
├ ○ /performance                             10.5 kB         179 kB
├ ○ /production                              18.8 kB         201 kB
├ ○ /products                                3.48 kB         180 kB
├ λ /products/[id]                           62.3 kB         251 kB
├ λ /products/[id]/calculate-lca             9.87 kB         144 kB
├ λ /products/[id]/core-operations           9.04 kB         170 kB
├ λ /products/[id]/distribution              3.45 kB        90.8 kB
├ λ /products/[id]/end-of-life               3.44 kB        90.8 kB
├ λ /products/[id]/materials                 8.96 kB         170 kB
├ λ /products/[id]/recipe                    20.4 kB         215 kB
├ λ /products/[id]/report                    152 kB          313 kB
├ ○ /products/detail                         4.77 kB         141 kB
├ ○ /products/new                            11.7 kB         179 kB
├ ○ /reporting/calculations                  6.32 kB         140 kB
├ ○ /reports                                 4.9 kB          102 kB
├ ○ /reports/company-footprint               6.01 kB         140 kB
├ λ /reports/company-footprint/[year]        8.19 kB         216 kB
├ ○ /reports/lcas                            7.6 kB          144 kB
├ ○ /reports/sustainability                  3.93 kB        98.1 kB
├ ○ /settings                                5.28 kB         103 kB
├ ○ /signup                                  162 B           142 kB
├ ○ /supplier-onboarding                     4.8 kB          141 kB
├ ○ /suppliers                               7.71 kB         184 kB
├ λ /suppliers/[id]                          12 kB           214 kB
├ ○ /suppliers/new                           5.2 kB          177 kB
└ ○ /update-password                         3.72 kB         133 kB
+ First Load JS shared by all                79.9 kB
  ├ chunks/7864-e512a25ecff418a4.js          26.6 kB
  ├ chunks/fd9d1056-ae38a91c84cde294.js      51.1 kB
  ├ chunks/main-app-723e9312178506c1.js      235 B
  └ chunks/webpack-4189722545f1a145.js       1.95 kB


ƒ Middleware                                 26.8 kB

λ  (Server)  server-side renders at runtime (uses getInitialProps or getServerSideProps)
○  (Static)  automatically rendered as static HTML (uses no initial props)
●  (SSG)     automatically generated as static HTML + JSON (uses getStaticProps)

